  GL_model.c
c:\users\pasla\desktop\materiały prz\panther\gl_model.c(330): warning C4018: "<": niezgodność typu ze znakiem/bez znaku
c:\users\pasla\desktop\materiały prz\panther\gl_model.c(353): warning C4244: "funkcja": konwersja z "int" do "GLfloat", możliwa utrata danych
c:\users\pasla\desktop\materiały prz\panther\gl_model.c(790): warning C4101: "z2": lokalna zmienna, do której nie istnieje odwołanie
c:\users\pasla\desktop\materiały prz\panther\gl_model.c(790): warning C4101: "z3": lokalna zmienna, do której nie istnieje odwołanie
c:\users\pasla\desktop\materiały prz\panther\gl_model.c(790): warning C4101: "x3": lokalna zmienna, do której nie istnieje odwołanie
c:\users\pasla\desktop\materiały prz\panther\gl_model.c(790): warning C4101: "x2": lokalna zmienna, do której nie istnieje odwołanie
c:\users\pasla\desktop\materiały prz\panther\gl_model.c(853): warning C4244: "funkcja": konwersja z "double" do "float", możliwa utrata danych
c:\users\pasla\desktop\materiały prz\panther\gl_model.c(859): warning C4244: "funkcja": konwersja z "double" do "float", możliwa utrata danych
c:\users\pasla\desktop\materiały prz\panther\gl_model.c(864): warning C4244: "funkcja": konwersja z "double" do "float", możliwa utrata danych
c:\users\pasla\desktop\materiały prz\panther\gl_model.c(878): warning C4305: "=": obcięcie z "double" do "float"
c:\users\pasla\desktop\materiały prz\panther\gl_model.c(879): warning C4305: "=": obcięcie z "double" do "float"
c:\users\pasla\desktop\materiały prz\panther\gl_model.c(894): warning C4305: "-=": obcięcie z "double" do "float"
c:\users\pasla\desktop\materiały prz\panther\gl_model.c(898): warning C4305: "-=": obcięcie z "double" do "float"
c:\users\pasla\desktop\materiały prz\panther\gl_model.c(902): warning C4305: "+=": obcięcie z "double" do "float"
c:\users\pasla\desktop\materiały prz\panther\gl_model.c(906): warning C4305: "+=": obcięcie z "double" do "float"
c:\users\pasla\desktop\materiały prz\panther\gl_model.c(871): warning C4305: "inicjowanie": obcięcie z "double" do "float"
c:\users\pasla\desktop\materiały prz\panther\gl_model.c(927): warning C4305: "=": obcięcie z "double" do "float"
c:\users\pasla\desktop\materiały prz\panther\gl_model.c(928): warning C4305: "=": obcięcie z "double" do "float"
c:\users\pasla\desktop\materiały prz\panther\gl_model.c(947): warning C4305: "+=": obcięcie z "double" do "float"
c:\users\pasla\desktop\materiały prz\panther\gl_model.c(957): warning C4305: "=": obcięcie z "double" do "float"
c:\users\pasla\desktop\materiały prz\panther\gl_model.c(958): warning C4305: "=": obcięcie z "double" do "float"
c:\users\pasla\desktop\materiały prz\panther\gl_model.c(960): warning C4244: "=": konwersja z "double" do "float", możliwa utrata danych
c:\users\pasla\desktop\materiały prz\panther\gl_model.c(961): warning C4244: "=": konwersja z "double" do "float", możliwa utrata danych
c:\users\pasla\desktop\materiały prz\panther\gl_model.c(980): warning C4305: "=": obcięcie z "double" do "float"
c:\users\pasla\desktop\materiały prz\panther\gl_model.c(981): warning C4305: "=": obcięcie z "double" do "float"
c:\users\pasla\desktop\materiały prz\panther\gl_model.c(983): warning C4244: "=": konwersja z "double" do "float", możliwa utrata danych
c:\users\pasla\desktop\materiały prz\panther\gl_model.c(984): warning C4244: "=": konwersja z "double" do "float", możliwa utrata danych
c:\users\pasla\desktop\materiały prz\panther\gl_model.c(916): warning C4305: "inicjowanie": obcięcie z "double" do "float"
c:\users\pasla\desktop\materiały prz\panther\gl_model.c(916): warning C4101: "z_next": lokalna zmienna, do której nie istnieje odwołanie
c:\users\pasla\desktop\materiały prz\panther\gl_model.c(916): warning C4101: "x_next": lokalna zmienna, do której nie istnieje odwołanie
c:\users\pasla\desktop\materiały prz\panther\gl_model.c(1703): warning C4305: "+=": obcięcie z "double" do "float"
c:\users\pasla\desktop\materiały prz\panther\gl_model.c(1709): warning C4305: "-=": obcięcie z "double" do "float"
c:\users\pasla\desktop\materiały prz\panther\gl_model.c(1716): warning C4305: "-=": obcięcie z "double" do "float"
c:\users\pasla\desktop\materiały prz\panther\gl_model.c(1722): warning C4305: "+=": obcięcie z "double" do "float"
c:\users\pasla\desktop\materiały prz\panther\gl_model.c(1728): warning C4305: "-=": obcięcie z "double" do "float"
c:\users\pasla\desktop\materiały prz\panther\gl_model.c(1733): warning C4305: "+=": obcięcie z "double" do "float"
c:\users\pasla\desktop\materiały prz\panther\gl_model.c(1748): warning C4305: "-=": obcięcie z "double" do "float"
c:\users\pasla\desktop\materiały prz\panther\gl_model.c(1753): warning C4305: "+=": obcięcie z "double" do "float"
c:\users\pasla\desktop\materiały prz\panther\gl_model.c(1755): warning C4244: "=": konwersja z "int" do "GLfloat", możliwa utrata danych
c:\users\pasla\desktop\materiały prz\panther\gl_model.c(1756): warning C4244: "=": konwersja z "int" do "GLfloat", możliwa utrata danych
c:\users\pasla\desktop\materiały prz\panther\gl_model.c(1757): warning C4244: "=": konwersja z "int" do "float", możliwa utrata danych
  Panther.vcxproj -> C:\Users\pasla\Desktop\Materiały PRZ\Panther\Debug\Panther.exe
