  GL_model.c
c:\users\pasla\desktop\materiały prz\panther\gl_model.c(150): warning C4022: "gluBuild2DMipmaps": niezgodność wskaźnika na rzeczywisty parametr 7
c:\users\pasla\desktop\materiały prz\panther\gl_model.c(156): warning C4022: "stbi_image_free": niezgodność wskaźnika na rzeczywisty parametr 1
c:\users\pasla\desktop\materiały prz\panther\gl_model.c(146): warning C4047: "inicjowanie": "const int" różni się w poziomach operatorów pośrednich od "stbi_uc *"
c:\users\pasla\desktop\materiały prz\panther\gl_model.c(354): warning C4018: "<": niezgodność typu ze znakiem/bez znaku
c:\users\pasla\desktop\materiały prz\panther\gl_model.c(377): warning C4244: "funkcja": konwersja z "int" do "GLfloat", możliwa utrata danych
c:\users\pasla\desktop\materiały prz\panther\gl_model.c(776): warning C4101: "z2": lokalna zmienna, do której nie istnieje odwołanie
c:\users\pasla\desktop\materiały prz\panther\gl_model.c(776): warning C4101: "z3": lokalna zmienna, do której nie istnieje odwołanie
c:\users\pasla\desktop\materiały prz\panther\gl_model.c(776): warning C4101: "x3": lokalna zmienna, do której nie istnieje odwołanie
c:\users\pasla\desktop\materiały prz\panther\gl_model.c(776): warning C4101: "x2": lokalna zmienna, do której nie istnieje odwołanie
c:\users\pasla\desktop\materiały prz\panther\gl_model.c(839): warning C4244: "funkcja": konwersja z "double" do "float", możliwa utrata danych
c:\users\pasla\desktop\materiały prz\panther\gl_model.c(845): warning C4244: "funkcja": konwersja z "double" do "float", możliwa utrata danych
c:\users\pasla\desktop\materiały prz\panther\gl_model.c(850): warning C4244: "funkcja": konwersja z "double" do "float", możliwa utrata danych
c:\users\pasla\desktop\materiały prz\panther\gl_model.c(864): warning C4305: "=": obcięcie z "double" do "float"
c:\users\pasla\desktop\materiały prz\panther\gl_model.c(865): warning C4305: "=": obcięcie z "double" do "float"
c:\users\pasla\desktop\materiały prz\panther\gl_model.c(880): warning C4305: "-=": obcięcie z "double" do "float"
c:\users\pasla\desktop\materiały prz\panther\gl_model.c(884): warning C4305: "-=": obcięcie z "double" do "float"
c:\users\pasla\desktop\materiały prz\panther\gl_model.c(888): warning C4305: "+=": obcięcie z "double" do "float"
c:\users\pasla\desktop\materiały prz\panther\gl_model.c(892): warning C4305: "+=": obcięcie z "double" do "float"
c:\users\pasla\desktop\materiały prz\panther\gl_model.c(857): warning C4305: "inicjowanie": obcięcie z "double" do "float"
c:\users\pasla\desktop\materiały prz\panther\gl_model.c(910): warning C4305: "=": obcięcie z "double" do "float"
c:\users\pasla\desktop\materiały prz\panther\gl_model.c(911): warning C4305: "=": obcięcie z "double" do "float"
c:\users\pasla\desktop\materiały prz\panther\gl_model.c(930): warning C4305: "+=": obcięcie z "double" do "float"
c:\users\pasla\desktop\materiały prz\panther\gl_model.c(940): warning C4305: "=": obcięcie z "double" do "float"
c:\users\pasla\desktop\materiały prz\panther\gl_model.c(941): warning C4305: "=": obcięcie z "double" do "float"
c:\users\pasla\desktop\materiały prz\panther\gl_model.c(943): warning C4244: "=": konwersja z "double" do "float", możliwa utrata danych
c:\users\pasla\desktop\materiały prz\panther\gl_model.c(944): warning C4244: "=": konwersja z "double" do "float", możliwa utrata danych
c:\users\pasla\desktop\materiały prz\panther\gl_model.c(955): warning C4305: "=": obcięcie z "double" do "float"
c:\users\pasla\desktop\materiały prz\panther\gl_model.c(956): warning C4305: "=": obcięcie z "double" do "float"
c:\users\pasla\desktop\materiały prz\panther\gl_model.c(958): warning C4244: "=": konwersja z "double" do "float", możliwa utrata danych
c:\users\pasla\desktop\materiały prz\panther\gl_model.c(959): warning C4244: "=": konwersja z "double" do "float", możliwa utrata danych
c:\users\pasla\desktop\materiały prz\panther\gl_model.c(902): warning C4305: "inicjowanie": obcięcie z "double" do "float"
c:\users\pasla\desktop\materiały prz\panther\gl_model.c(1106): warning C4305: "funkcja": obcięcie z "double" do "GLfloat"
c:\users\pasla\desktop\materiały prz\panther\gl_model.c(1325): warning C4244: "return": konwersja z "WPARAM" do "int", możliwa utrata danych
c:\users\pasla\desktop\materiały prz\panther\gl_model.c(1541): warning C4305: "+=": obcięcie z "double" do "float"
c:\users\pasla\desktop\materiały prz\panther\gl_model.c(1547): warning C4305: "-=": obcięcie z "double" do "float"
c:\users\pasla\desktop\materiały prz\panther\gl_model.c(1554): warning C4305: "-=": obcięcie z "double" do "float"
c:\users\pasla\desktop\materiały prz\panther\gl_model.c(1560): warning C4305: "+=": obcięcie z "double" do "float"
c:\users\pasla\desktop\materiały prz\panther\gl_model.c(1566): warning C4305: "-=": obcięcie z "double" do "float"
c:\users\pasla\desktop\materiały prz\panther\gl_model.c(1571): warning C4305: "+=": obcięcie z "double" do "float"
c:\users\pasla\desktop\materiały prz\panther\gl_model.c(1583): warning C4244: "=": konwersja z "int" do "GLfloat", możliwa utrata danych
c:\users\pasla\desktop\materiały prz\panther\gl_model.c(1584): warning C4244: "=": konwersja z "int" do "GLfloat", możliwa utrata danych
c:\users\pasla\desktop\materiały prz\panther\gl_model.c(1585): warning C4244: "=": konwersja z "int" do "float", możliwa utrata danych
c:\users\pasla\desktop\materiały prz\panther\gl_model.c(1606): warning C4028: formalny parametr 3 różni się od deklaracji
c:\users\pasla\desktop\materiały prz\panther\gl_model.c(1606): warning C4028: formalny parametr 4 różni się od deklaracji
c:\users\pasla\desktop\materiały prz\panther\gl_model.c(1606): warning C4133: "funkcja": niezgodne typy - od "BOOL (__cdecl *)(HWND,UINT,UINT,LONG)" do "DLGPROC"
  Panther.vcxproj -> C:\Users\pasla\Desktop\Materiały PRZ\Panther\x64\Debug\Panther.exe
