  GL_model.c
c:\users\pasla\desktop\materiały prz\panther\gl_model.c(324): warning C4018: "<": niezgodność typu ze znakiem/bez znaku
c:\users\pasla\desktop\materiały prz\panther\gl_model.c(725): warning C4244: "funkcja": konwersja z "double" do "float", możliwa utrata danych
c:\users\pasla\desktop\materiały prz\panther\gl_model.c(731): warning C4244: "funkcja": konwersja z "double" do "float", możliwa utrata danych
c:\users\pasla\desktop\materiały prz\panther\gl_model.c(736): warning C4244: "funkcja": konwersja z "double" do "float", możliwa utrata danych
c:\users\pasla\desktop\materiały prz\panther\gl_model.c(750): warning C4305: "=": obcięcie z "double" do "float"
c:\users\pasla\desktop\materiały prz\panther\gl_model.c(751): warning C4305: "=": obcięcie z "double" do "float"
c:\users\pasla\desktop\materiały prz\panther\gl_model.c(766): warning C4305: "-=": obcięcie z "double" do "float"
c:\users\pasla\desktop\materiały prz\panther\gl_model.c(770): warning C4305: "-=": obcięcie z "double" do "float"
c:\users\pasla\desktop\materiały prz\panther\gl_model.c(774): warning C4305: "+=": obcięcie z "double" do "float"
c:\users\pasla\desktop\materiały prz\panther\gl_model.c(778): warning C4305: "+=": obcięcie z "double" do "float"
c:\users\pasla\desktop\materiały prz\panther\gl_model.c(743): warning C4305: "inicjowanie": obcięcie z "double" do "float"
c:\users\pasla\desktop\materiały prz\panther\gl_model.c(796): warning C4305: "=": obcięcie z "double" do "float"
c:\users\pasla\desktop\materiały prz\panther\gl_model.c(797): warning C4305: "=": obcięcie z "double" do "float"
c:\users\pasla\desktop\materiały prz\panther\gl_model.c(816): warning C4305: "+=": obcięcie z "double" do "float"
c:\users\pasla\desktop\materiały prz\panther\gl_model.c(826): warning C4305: "=": obcięcie z "double" do "float"
c:\users\pasla\desktop\materiały prz\panther\gl_model.c(827): warning C4305: "=": obcięcie z "double" do "float"
c:\users\pasla\desktop\materiały prz\panther\gl_model.c(829): warning C4244: "=": konwersja z "double" do "float", możliwa utrata danych
c:\users\pasla\desktop\materiały prz\panther\gl_model.c(830): warning C4244: "=": konwersja z "double" do "float", możliwa utrata danych
c:\users\pasla\desktop\materiały prz\panther\gl_model.c(841): warning C4305: "=": obcięcie z "double" do "float"
c:\users\pasla\desktop\materiały prz\panther\gl_model.c(842): warning C4305: "=": obcięcie z "double" do "float"
c:\users\pasla\desktop\materiały prz\panther\gl_model.c(844): warning C4244: "=": konwersja z "double" do "float", możliwa utrata danych
c:\users\pasla\desktop\materiały prz\panther\gl_model.c(845): warning C4244: "=": konwersja z "double" do "float", możliwa utrata danych
c:\users\pasla\desktop\materiały prz\panther\gl_model.c(788): warning C4305: "inicjowanie": obcięcie z "double" do "float"
c:\users\pasla\desktop\materiały prz\panther\gl_model.c(1201): warning C4244: "return": konwersja z "WPARAM" do "int", możliwa utrata danych
c:\users\pasla\desktop\materiały prz\panther\gl_model.c(1415): warning C4244: "=": konwersja z "int" do "GLfloat", możliwa utrata danych
c:\users\pasla\desktop\materiały prz\panther\gl_model.c(1416): warning C4244: "=": konwersja z "int" do "GLfloat", możliwa utrata danych
c:\users\pasla\desktop\materiały prz\panther\gl_model.c(1417): warning C4244: "=": konwersja z "int" do "float", możliwa utrata danych
c:\users\pasla\desktop\materiały prz\panther\gl_model.c(1438): warning C4028: formalny parametr 3 różni się od deklaracji
c:\users\pasla\desktop\materiały prz\panther\gl_model.c(1438): warning C4028: formalny parametr 4 różni się od deklaracji
c:\users\pasla\desktop\materiały prz\panther\gl_model.c(1438): warning C4133: "funkcja": niezgodne typy - od "BOOL (__cdecl *)(HWND,UINT,UINT,LONG)" do "DLGPROC"
  Panther.vcxproj -> C:\Users\pasla\Desktop\Materiały PRZ\Panther\x64\Debug\Panther.exe
